{
  "RSpec": {
    "coverage": {
      "/home/ravidas/Desktop/Event_Management_System/Be_frank_actual/Be_Frank/spec/requests/school_spec.rb": {
        "lines": [
          1,
          null,
          1,
          10,
          2,
          3,
          null,
          1,
          1,
          1,
          0,
          0,
          null,
          null,
          null,
          1,
          1,
          1,
          0,
          0,
          null,
          null,
          1,
          1,
          0,
          0,
          null,
          null,
          null,
          1,
          1,
          1,
          1,
          null,
          null,
          0,
          null,
          null,
          1,
          1,
          0,
          0,
          null,
          null,
          null,
          1,
          1,
          1,
          0,
          0,
          null,
          null,
          1,
          1,
          0,
          0,
          null,
          null,
          null,
          1,
          1,
          1,
          1,
          null,
          null,
          0,
          null,
          null,
          1,
          1,
          0,
          null,
          null,
          null
        ]
      },
      "/home/ravidas/Desktop/Event_Management_System/Be_frank_actual/Be_Frank/spec/rails_helper.rb": {
        "lines": [
          null,
          1,
          1,
          1,
          null,
          1,
          null,
          null,
          null,
          1,
          null,
          null,
          null,
          null,
          null,
          null,
          null,
          null,
          null,
          null,
          null,
          null,
          null,
          null,
          null,
          null,
          null,
          null,
          null,
          null,
          1,
          null,
          0,
          null,
          null,
          1,
          1,
          null,
          null,
          1,
          null,
          1,
          null,
          null,
          null,
          null,
          null,
          null,
          1,
          null,
          null,
          null,
          null,
          null,
          null,
          null,
          null,
          null,
          null,
          null,
          null,
          null,
          null,
          null,
          null,
          null,
          1,
          null,
          null,
          1,
          null,
          null,
          1,
          1,
          1,
          1,
          null,
          null,
          null
        ]
      },
      "/home/ravidas/Desktop/Event_Management_System/Be_frank_actual/Be_Frank/config/environment.rb": {
        "lines": [
          null,
          1,
          null,
          null,
          1
        ]
      },
      "/home/ravidas/Desktop/Event_Management_System/Be_frank_actual/Be_Frank/config/application.rb": {
        "lines": [
          1,
          null,
          1,
          1,
          null,
          null,
          null,
          null,
          1,
          null,
          1,
          1,
          null,
          1,
          null,
          null,
          null,
          null,
          1,
          null,
          null,
          null,
          null,
          null,
          null,
          null,
          null,
          null,
          null,
          null,
          null,
          null
        ]
      },
      "/home/ravidas/Desktop/Event_Management_System/Be_frank_actual/Be_Frank/config/boot.rb": {
        "lines": [
          1,
          null,
          1,
          1
        ]
      },
      "/home/ravidas/Desktop/Event_Management_System/Be_frank_actual/Be_Frank/config/environments/test.rb": {
        "lines": [
          1,
          null,
          null,
          null,
          null,
          null,
          null,
          1,
          null,
          null,
          null,
          1,
          null,
          null,
          null,
          null,
          null,
          1,
          null,
          null,
          1,
          null,
          null,
          1,
          1,
          1,
          null,
          null,
          1,
          null,
          null,
          1,
          null,
          null,
          1,
          null,
          null,
          null,
          1,
          null,
          null,
          null,
          null,
          1,
          null,
          null,
          null,
          1,
          null,
          null,
          1,
          null,
          null,
          1,
          null,
          null,
          1,
          null,
          null,
          null,
          null,
          null,
          null,
          null,
          null,
          1,
          null
        ]
      },
      "/home/ravidas/Desktop/Event_Management_System/Be_frank_actual/Be_Frank/config/initializers/assets.rb": {
        "lines": [
          null,
          null,
          null,
          1,
          null,
          null,
          null,
          null,
          null,
          null,
          null,
          null,
          1
        ]
      },
      "/home/ravidas/Desktop/Event_Management_System/Be_frank_actual/Be_Frank/config/initializers/content_security_policy.rb": {
        "lines": [
          null,
          null,
          null,
          null,
          null,
          null,
          null,
          null,
          null,
          null,
          null,
          null,
          null,
          null,
          null,
          null,
          null,
          null,
          null,
          null,
          null,
          null,
          null,
          null,
          null
        ]
      },
      "/home/ravidas/Desktop/Event_Management_System/Be_frank_actual/Be_Frank/config/initializers/cors.rb": {
        "lines": [
          1,
          1,
          1,
          null,
          1,
          null,
          null,
          null,
          null,
          null
        ]
      },
      "/home/ravidas/Desktop/Event_Management_System/Be_frank_actual/Be_Frank/config/initializers/devise.rb": {
        "lines": [
          null,
          null,
          null,
          null,
          null,
          null,
          null,
          null,
          null,
          null,
          1,
          null,
          null,
          null,
          null,
          null,
          null,
          null,
          null,
          null,
          null,
          null,
          null,
          null,
          null,
          null,
          1,
          null,
          null,
          null,
          null,
          null,
          null,
          null,
          null,
          null,
          null,
          null,
          1,
          null,
          null,
          null,
          null,
          null,
          null,
          null,
          null,
          null,
          null,
          null,
          null,
          null,
          null,
          null,
          null,
          null,
          null,
          null,
          null,
          null,
          1,
          null,
          null,
          null,
          null,
          1,
          null,
          null,
          null,
          null,
          null,
          null,
          null,
          null,
          null,
          null,
          null,
          null,
          null,
          null,
          null,
          null,
          null,
          null,
          null,
          null,
          null,
          null,
          null,
          null,
          null,
          null,
          null,
          null,
          null,
          null,
          null,
          null,
          null,
          1,
          null,
          null,
          null,
          null,
          null,
          null,
          null,
          null,
          null,
          null,
          null,
          null,
          null,
          null,
          null,
          null,
          null,
          null,
          null,
          null,
          null,
          null,
          null,
          null,
          null,
          1,
          null,
          null,
          null,
          null,
          null,
          null,
          null,
          null,
          null,
          null,
          null,
          null,
          null,
          null,
          null,
          null,
          null,
          null,
          null,
          null,
          null,
          null,
          null,
          null,
          null,
          null,
          null,
          null,
          null,
          null,
          null,
          null,
          null,
          1,
          null,
          null,
          null,
          null,
          null,
          null,
          null,
          null,
          null,
          1,
          null,
          null,
          null,
          null,
          null,
          null,
          null,
          null,
          null,
          null,
          1,
          null,
          null,
          null,
          null,
          1,
          null,
          null,
          null,
          null,
          null,
          null,
          null,
          null,
          null,
          null,
          null,
          null,
          null,
          null,
          null,
          null,
          null,
          null,
          null,
          null,
          null,
          null,
          null,
          null,
          null,
          null,
          null,
          null,
          null,
          null,
          null,
          null,
          null,
          null,
          null,
          null,
          null,
          null,
          null,
          null,
          1,
          null,
          null,
          null,
          null,
          null,
          null,
          null,
          null,
          null,
          null,
          null,
          null,
          null,
          null,
          null,
          null,
          null,
          null,
          null,
          null,
          null,
          null,
          null,
          null,
          null,
          null,
          null,
          null,
          null,
          null,
          null,
          null,
          null,
          null,
          null,
          null,
          null,
          null,
          null,
          null,
          null,
          1,
          null,
          null,
          null,
          null,
          null,
          null,
          null,
          null,
          null,
          null,
          null,
          null,
          null,
          null,
          null,
          null,
          null,
          null,
          null,
          null,
          null,
          null,
          null,
          null,
          null,
          null,
          null,
          null,
          null,
          null,
          null,
          null,
          null,
          null,
          null,
          1,
          1,
          null,
          null,
          null,
          null,
          null,
          null,
          null,
          1,
          null,
          null,
          null
        ]
      },
      "/home/ravidas/Desktop/Event_Management_System/Be_frank_actual/Be_Frank/config/initializers/filter_parameter_logging.rb": {
        "lines": [
          null,
          null,
          null,
          null,
          null,
          1,
          null,
          null
        ]
      },
      "/home/ravidas/Desktop/Event_Management_System/Be_frank_actual/Be_Frank/config/initializers/inflections.rb": {
        "lines": [
          null,
          null,
          null,
          null,
          null,
          null,
          null,
          null,
          null,
          null,
          null,
          null,
          null,
          null,
          null,
          null
        ]
      },
      "/home/ravidas/Desktop/Event_Management_System/Be_frank_actual/Be_Frank/config/initializers/permissions_policy.rb": {
        "lines": [
          null,
          null,
          null,
          null,
          null,
          null,
          null,
          null,
          null,
          null,
          null,
          null,
          null
        ]
      },
      "/home/ravidas/Desktop/Event_Management_System/Be_frank_actual/Be_Frank/config/initializers/redis.rb": {
        "lines": [
          1,
          null,
          2
        ]
      },
      "/home/ravidas/Desktop/Event_Management_System/Be_frank_actual/Be_Frank/spec/factories/donations.rb": {
        "lines": [
          1,
          1,
          1,
          1,
          1,
          1,
          null,
          null
        ]
      },
      "/home/ravidas/Desktop/Event_Management_System/Be_frank_actual/Be_Frank/spec/factories/event.rb": {
        "lines": [
          1,
          1,
          1,
          1,
          1,
          1,
          1,
          null,
          null,
          1,
          0,
          null,
          null,
          null,
          null,
          null,
          null,
          null
        ]
      },
      "/home/ravidas/Desktop/Event_Management_System/Be_frank_actual/Be_Frank/spec/factories/feedback_replies.rb": {
        "lines": [
          1,
          1,
          1,
          1,
          1,
          null,
          null
        ]
      },
      "/home/ravidas/Desktop/Event_Management_System/Be_frank_actual/Be_Frank/spec/factories/feedbacks.rb": {
        "lines": [
          1,
          1,
          1,
          1,
          1,
          null,
          null
        ]
      },
      "/home/ravidas/Desktop/Event_Management_System/Be_frank_actual/Be_Frank/spec/factories/schools.rb": {
        "lines": [
          1,
          1,
          11,
          11,
          11,
          null,
          null
        ]
      },
      "/home/ravidas/Desktop/Event_Management_System/Be_frank_actual/Be_Frank/spec/factories/user.rb": {
        "lines": [
          1,
          1,
          1,
          1,
          1,
          1,
          1,
          1,
          1,
          1,
          null,
          null
        ]
      },
      "/home/ravidas/Desktop/Event_Management_System/Be_frank_actual/Be_Frank/config/routes.rb": {
        "lines": [
          1,
          1,
          1,
          1,
          1,
          null,
          null,
          null,
          null,
          null,
          1,
          null,
          null,
          1,
          1,
          null,
          null,
          1,
          1,
          null,
          1,
          null,
          null,
          null,
          null,
          1,
          1,
          1,
          null,
          1,
          1,
          1,
          1,
          1,
          null,
          null,
          1,
          null
        ]
      },
      "/home/ravidas/Desktop/Event_Management_System/Be_frank_actual/Be_Frank/app/models/user.rb": {
        "lines": [
          1,
          1,
          1,
          1,
          1,
          null,
          null,
          null,
          1,
          null,
          null,
          1,
          1,
          1,
          1,
          1,
          1,
          null,
          1,
          0,
          null,
          null
        ]
      },
      "/home/ravidas/Desktop/Event_Management_System/Be_frank_actual/Be_Frank/app/models/application_record.rb": {
        "lines": [
          1,
          1,
          null
        ]
      },
      "/home/ravidas/Desktop/Event_Management_System/Be_frank_actual/Be_Frank/app/helpers/application_helper.rb": {
        "lines": [
          1,
          null
        ]
      },
      "/home/ravidas/Desktop/Event_Management_System/Be_frank_actual/Be_Frank/app/helpers/authentication_controllers_helper.rb": {
        "lines": [
          1,
          null
        ]
      },
      "/home/ravidas/Desktop/Event_Management_System/Be_frank_actual/Be_Frank/app/helpers/dashboard_helper.rb": {
        "lines": [
          1,
          null
        ]
      },
      "/home/ravidas/Desktop/Event_Management_System/Be_frank_actual/Be_Frank/app/helpers/donations_helper.rb": {
        "lines": [
          1,
          null
        ]
      },
      "/home/ravidas/Desktop/Event_Management_System/Be_frank_actual/Be_Frank/app/helpers/events_helper.rb": {
        "lines": [
          1,
          null
        ]
      },
      "/home/ravidas/Desktop/Event_Management_System/Be_frank_actual/Be_Frank/app/helpers/feedback_helper.rb": {
        "lines": [
          1,
          null
        ]
      },
      "/home/ravidas/Desktop/Event_Management_System/Be_frank_actual/Be_Frank/app/helpers/feedback_reply_helper.rb": {
        "lines": [
          1,
          null
        ]
      },
      "/home/ravidas/Desktop/Event_Management_System/Be_frank_actual/Be_Frank/app/helpers/home_helper.rb": {
        "lines": [
          1,
          null
        ]
      },
      "/home/ravidas/Desktop/Event_Management_System/Be_frank_actual/Be_Frank/app/helpers/refresh_tokens_helper.rb": {
        "lines": [
          1,
          null
        ]
      },
      "/home/ravidas/Desktop/Event_Management_System/Be_frank_actual/Be_Frank/app/helpers/schools_helper.rb": {
        "lines": [
          1,
          null
        ]
      },
      "/home/ravidas/Desktop/Event_Management_System/Be_frank_actual/Be_Frank/app/helpers/user_donation_helper.rb": {
        "lines": [
          1,
          null
        ]
      },
      "/home/ravidas/Desktop/Event_Management_System/Be_frank_actual/Be_Frank/app/helpers/user_donations_helper.rb": {
        "lines": [
          1,
          null
        ]
      },
      "/home/ravidas/Desktop/Event_Management_System/Be_frank_actual/Be_Frank/app/helpers/users_helper.rb": {
        "lines": [
          1,
          null
        ]
      },
      "/home/ravidas/Desktop/Event_Management_System/Be_frank_actual/Be_Frank/app/controllers/api/schools_controller.rb": {
        "lines": [
          1,
          1,
          1,
          null,
          1,
          0,
          0,
          null,
          null,
          1,
          0,
          null,
          null,
          1,
          0,
          0,
          0,
          null,
          0,
          null,
          null,
          null,
          1,
          0,
          0,
          null,
          0,
          null,
          null,
          null,
          1,
          0,
          0,
          null,
          0,
          null,
          null,
          null,
          1,
          null,
          1,
          0,
          0,
          null,
          null,
          1,
          0,
          null,
          null,
          null
        ]
      },
      "/home/ravidas/Desktop/Event_Management_System/Be_frank_actual/Be_Frank/app/controllers/api/api_controller.rb": {
        "lines": [
          1,
          1,
          1,
          1,
          1,
          1,
          null,
          1,
          1,
          1,
          1,
          1,
          null,
          1,
          null,
          null,
          1,
          0,
          null,
          null,
          null,
          1,
          0,
          null,
          null,
          null,
          1,
          0,
          null,
          null,
          null,
          1,
          0,
          null,
          null,
          null,
          1,
          9,
          null,
          null,
          null
        ]
      },
      "/home/ravidas/Desktop/Event_Management_System/Be_frank_actual/Be_Frank/app/controllers/concerns/Auth.rb": {
        "lines": [
          1,
          1,
          9,
          9,
          9,
          null,
          9,
          0,
          null,
          9,
          null,
          null,
          null,
          1,
          0,
          null,
          null,
          1,
          0,
          null,
          null
        ]
      },
      "/home/ravidas/Desktop/Event_Management_System/Be_frank_actual/Be_Frank/app/models/school.rb": {
        "lines": [
          1,
          1,
          null,
          1,
          1,
          1,
          null
        ]
      },
      "/home/ravidas/Desktop/Event_Management_System/Be_frank_actual/Be_Frank/app/services/json_web_token.rb": {
        "lines": [
          1,
          1,
          null,
          1,
          0,
          0,
          null,
          null,
          1,
          9,
          0,
          null,
          9,
          null,
          null
        ]
      }
    },
    "timestamp": 1741314751
  }
}
